<?xml version="1.0" encoding="UTF-8"?>
<!-- Generated by org.testng.reporters.JUnitReportReporter -->
<testsuite hostname="DESKTOP-EEMVQ20" failures="0" tests="1" name="testCases.DS_registerPage" time="2.345" errors="0" timestamp="2022-02-09T20:31:27 MST" skipped="0">
  <testcase classname="testCases.DS_registerPage" name="getStarted" time="2.345"/>
  <system-out/>
</testsuite> <!-- testCases.DS_registerPage -->
