<?xml version="1.0" encoding="UTF-8"?>
<!-- Generated by org.testng.reporters.JUnitReportReporter -->
<testsuite hostname="DESKTOP-EEMVQ20" failures="0" tests="1" name="testCases.GetStartedPage" time="2.534" errors="0" timestamp="2022-02-10T18:57:18 MST" skipped="0">
  <testcase classname="testCases.GetStartedPage" name="getStarted" time="2.534"/>
  <system-out/>
</testsuite> <!-- testCases.GetStartedPage -->
