<?xml version="1.0" encoding="UTF-8"?>
<!-- Generated by org.testng.reporters.JUnitReportReporter -->
<testsuite hostname="DESKTOP-EEMVQ20" failures="0" tests="1" name="testCases.DS_ArraysPageTest" time="15.446" errors="0" timestamp="2022-03-01T04:07:56 MST" skipped="0">
  <testcase classname="testCases.DS_ArraysPageTest" name="arraysPage" time="15.446"/>
  <system-out/>
</testsuite> <!-- testCases.DS_ArraysPageTest -->
