<?xml version="1.0" encoding="UTF-8"?>
<!-- Generated by org.testng.reporters.JUnitReportReporter -->
<testsuite hostname="DESKTOP-EEMVQ20" failures="0" tests="1" name="testCases.Signin_DataDriven" time="2.849" errors="0" timestamp="2022-02-10T18:57:33 MST" skipped="0">
  <testcase classname="testCases.Signin_DataDriven" name="getStarted" time="2.849"/>
  <system-out/>
</testsuite> <!-- testCases.Signin_DataDriven -->
