<?xml version="1.0" encoding="UTF-8"?>
<!-- Generated by org.testng.reporters.JUnitReportReporter -->
<testsuite hostname="DESKTOP-EEMVQ20" failures="0" tests="1" name="testCases.DSA_StackPageTest" time="8.528" errors="0" timestamp="2022-03-01T10:49:38 MST" skipped="0">
  <testcase classname="testCases.DSA_StackPageTest" name="DSA_stackpageOperational" time="8.528"/>
  <system-out/>
</testsuite> <!-- testCases.DSA_StackPageTest -->
